<?xml version="1.0" encoding="UTF-8"?>
<!-- Generated by org.testng.reporters.JUnitXMLReporter -->
<testsuite ignored="0" hostname="DESKTOP-RE1LIDM" failures="0" tests="6" name="Test" time="0.071" errors="0" timestamp="2021-05-27T19:56:17 IST">
  <testcase classname="com.qa.test.testNGSession" name="HomePage_Header_TestCase002" time="0.015"/>
  <testcase classname="com.qa.test.testNGExample" name="Search_ResultPage_TestCase001" time="0.019"/>
  <testcase classname="com.qa.test.testNGExample" name="Search_ResultPage_TestCase002" time="0.02"/>
  <testcase classname="com.qa.test.testNGSession" name="HomePage_Search_TestCase004" time="0.015"/>
  <testcase classname="com.qa.test.testNGSession" name="HomePage_Header_TestCase001" time="0.015"/>
  <testcase classname="com.qa.test.testNGSession" name="HomePage_Carousel_TestCase003" time="0.023"/>
</testsuite> <!-- Test -->
