<?xml version="1.0" encoding="UTF-8"?>
<!-- Generated by org.testng.reporters.JUnitXMLReporter -->
<testsuite ignored="0" hostname="DESKTOP-RE1LIDM" failures="0" tests="5" name="Test" time="0.116" errors="0" timestamp="2021-05-19T19:52:19 IST">
  <testcase classname="com.qa.test.testNGSession" name="TestCase001" time="0.009"/>
  <testcase classname="com.qa.test.testNGSession" name="TestCase002" time="0.004"/>
  <testcase classname="com.qa.test.testNGSession" name="TestCase003" time="0.001"/>
  <testcase classname="com.qa.test.testNGSession" name="TestCase004" time="0.002"/>
  <testcase classname="com.qa.test.testNGExample" name="TestCase001" time="0.001"/>
</testsuite> <!-- Test -->
