<?xml version="1.0" encoding="UTF-8"?>
<!-- Generated by org.testng.reporters.JUnitXMLReporter -->
<testsuite ignored="2" hostname="DESKTOP-RE1LIDM" failures="0" tests="3" name="Test" time="0.094" errors="0" timestamp="2021-05-20T19:56:18 IST">
  <testcase classname="com.qa.test.testNGSession" name="HomePage_Carousel_TestCase003" time="0.013"/>
  <testcase classname="com.qa.test.testNGSession" name="HomePage_Search_TestCase004" time="0.002"/>
  <testcase classname="com.qa.test.testNGExample" name="Search_ResultPage_TestCase001" time="0.002"/>
  <testcase classname="com.qa.test.testNGSession" name="HomePage_Header_TestCase001" time="0.0">
    <ignored/>
  </testcase> <!-- HomePage_Header_TestCase001 -->
  <testcase classname="com.qa.test.testNGSession" name="HomePage_Header_TestCase002" time="0.0">
    <ignored/>
  </testcase> <!-- HomePage_Header_TestCase002 -->
</testsuite> <!-- Test -->
