<?xml version="1.0" encoding="UTF-8"?>
<!-- Generated by org.testng.reporters.JUnitXMLReporter -->
<testsuite ignored="4" hostname="DESKTOP-RE1LIDM" failures="0" tests="2" name="Test" time="0.083" errors="0" timestamp="2021-05-24T19:24:49 IST">
  <testcase classname="com.qa.test.testNGSession" name="HomePage_Header_TestCase001" time="0.012"/>
  <testcase classname="com.qa.newtest.FlipkartHomePage" name="FlipKart_HomePage_TestCase001" time="0.001"/>
  <testcase classname="com.qa.test.testNGSession" name="HomePage_Carousel_TestCase003" time="0.0">
    <ignored/>
  </testcase> <!-- HomePage_Carousel_TestCase003 -->
  <testcase classname="com.qa.test.testNGExample" name="Search_ResultPage_TestCase001" time="0.0">
    <ignored/>
  </testcase> <!-- Search_ResultPage_TestCase001 -->
  <testcase classname="com.qa.test.testNGSession" name="HomePage_Search_TestCase004" time="0.0">
    <ignored/>
  </testcase> <!-- HomePage_Search_TestCase004 -->
  <testcase classname="com.qa.test.testNGSession" name="HomePage_Header_TestCase002" time="0.0">
    <ignored/>
  </testcase> <!-- HomePage_Header_TestCase002 -->
</testsuite> <!-- Test -->
