<?xml version="1.0" encoding="UTF-8"?>
<!-- Generated by org.testng.reporters.JUnitXMLReporter -->
<testsuite ignored="2" hostname="DESKTOP-RE1LIDM" failures="0" tests="2" name="Test" time="0.045" errors="0" timestamp="2021-05-20T19:55:35 IST">
  <testcase classname="com.qa.test.testNGSession" name="HomePage_Header_TestCase001" time="0.011"/>
  <testcase classname="com.qa.test.testNGSession" name="HomePage_Header_TestCase002" time="0.0"/>
  <testcase classname="com.qa.test.testNGSession" name="HomePage_Carousel_TestCase003" time="0.0">
    <ignored/>
  </testcase> <!-- HomePage_Carousel_TestCase003 -->
  <testcase classname="com.qa.test.testNGSession" name="HomePage_Search_TestCase004" time="0.0">
    <ignored/>
  </testcase> <!-- HomePage_Search_TestCase004 -->
</testsuite> <!-- Test -->
