<?xml version="1.0" encoding="UTF-8"?>
<testng-results ignored="0" total="1" passed="1" failed="0" skipped="0">
  <reporter-output>
  </reporter-output>
  <suite started-at="2021-05-29T18:59:37 IST" name="Suite" finished-at="2021-05-29T19:00:06 IST" duration-ms="29123">
    <groups>
    </groups>
    <test started-at="2021-05-29T18:59:37 IST" name="Test" finished-at="2021-05-29T19:00:06 IST" duration-ms="29123">
      <class name="com.qa.test.ExampleWait">
        <test-method signature="ExplicitWaitExample()[pri:0, instance:com.qa.test.ExampleWait@3d1cfad4]" started-at="2021-05-29T18:59:37 IST" name="ExplicitWaitExample" finished-at="2021-05-29T19:00:06 IST" duration-ms="29084" status="PASS">
          <reporter-output>
          </reporter-output>
        </test-method> <!-- ExplicitWaitExample -->
      </class> <!-- com.qa.test.ExampleWait -->
    </test> <!-- Test -->
  </suite> <!-- Suite -->
</testng-results>
